<?xml version="1.0" encoding="UTF-8"?>
<!-- Generated by org.testng.reporters.JUnitXMLReporter -->
<testsuite hostname="hp" name="Free CRM App Test Cases" tests="5" failures="0" timestamp="8 Mar 2020 09:35:00 GMT" time="106.846" errors="0">
  <testcase name="loginPageTitleTest" time="0.091" classname="com.crm.qa.testcases.LoginPageTest"/>
  <testcase name="loginTest" time="1.44" classname="com.crm.qa.testcases.LoginPageTest"/>
  <testcase name="verifyHomePageTitleTest" time="0.016" classname="com.crm.qa.testcases.HomePageTest"/>
  <testcase name="verifyUserNameTest" time="2.148" classname="com.crm.qa.testcases.HomePageTest"/>
  <testcase name="verifyContactsLinkTest" time="5.396" classname="com.crm.qa.testcases.HomePageTest"/>
</testsuite> <!-- Free CRM App Test Cases -->
