<?xml version="1.0" encoding="UTF-8"?>
<testng-results skipped="0" failed="0" total="5" passed="5">
  <reporter-output>
  </reporter-output>
  <suite name="FREE CRM Application Test Automation Test Suite" duration-ms="106846" started-at="2020-03-08T09:33:13Z" finished-at="2020-03-08T09:35:00Z">
    <groups>
    </groups>
    <test name="Free CRM App Test Cases" duration-ms="106846" started-at="2020-03-08T09:33:13Z" finished-at="2020-03-08T09:35:00Z">
      <class name="com.crm.qa.testcases.HomePageTest">
        <test-method status="PASS" signature="setup()[pri:0, instance:com.crm.qa.testcases.HomePageTest@6e06451e]" name="setup" is-config="true" duration-ms="18068" started-at="2020-03-08T15:03:55Z" finished-at="2020-03-08T15:04:13Z">
          <reporter-output>
          </reporter-output>
        </test-method> <!-- setup -->
        <test-method status="PASS" signature="verifyHomePageTitleTest()[pri:1, instance:com.crm.qa.testcases.HomePageTest@6e06451e]" name="verifyHomePageTitleTest" duration-ms="16" started-at="2020-03-08T15:04:13Z" finished-at="2020-03-08T15:04:13Z">
          <reporter-output>
          </reporter-output>
        </test-method> <!-- verifyHomePageTitleTest -->
        <test-method status="PASS" signature="tearDown()[pri:0, instance:com.crm.qa.testcases.HomePageTest@6e06451e]" name="tearDown" is-config="true" duration-ms="1122" started-at="2020-03-08T15:04:13Z" finished-at="2020-03-08T15:04:14Z">
          <reporter-output>
          </reporter-output>
        </test-method> <!-- tearDown -->
        <test-method status="PASS" signature="setup()[pri:0, instance:com.crm.qa.testcases.HomePageTest@6e06451e]" name="setup" is-config="true" duration-ms="18470" started-at="2020-03-08T15:04:14Z" finished-at="2020-03-08T15:04:33Z">
          <reporter-output>
          </reporter-output>
        </test-method> <!-- setup -->
        <test-method status="PASS" signature="verifyUserNameTest()[pri:2, instance:com.crm.qa.testcases.HomePageTest@6e06451e]" name="verifyUserNameTest" duration-ms="2148" started-at="2020-03-08T15:04:33Z" finished-at="2020-03-08T15:04:35Z">
          <reporter-output>
          </reporter-output>
        </test-method> <!-- verifyUserNameTest -->
        <test-method status="PASS" signature="tearDown()[pri:0, instance:com.crm.qa.testcases.HomePageTest@6e06451e]" name="tearDown" is-config="true" duration-ms="1129" started-at="2020-03-08T15:04:35Z" finished-at="2020-03-08T15:04:36Z">
          <reporter-output>
          </reporter-output>
        </test-method> <!-- tearDown -->
        <test-method status="PASS" signature="setup()[pri:0, instance:com.crm.qa.testcases.HomePageTest@6e06451e]" name="setup" is-config="true" duration-ms="17053" started-at="2020-03-08T15:04:36Z" finished-at="2020-03-08T15:04:53Z">
          <reporter-output>
          </reporter-output>
        </test-method> <!-- setup -->
        <test-method status="PASS" signature="verifyContactsLinkTest()[pri:3, instance:com.crm.qa.testcases.HomePageTest@6e06451e]" name="verifyContactsLinkTest" duration-ms="5396" started-at="2020-03-08T15:04:53Z" finished-at="2020-03-08T15:04:59Z">
          <reporter-output>
          </reporter-output>
        </test-method> <!-- verifyContactsLinkTest -->
        <test-method status="PASS" signature="tearDown()[pri:0, instance:com.crm.qa.testcases.HomePageTest@6e06451e]" name="tearDown" is-config="true" duration-ms="1670" started-at="2020-03-08T15:04:59Z" finished-at="2020-03-08T15:05:00Z">
          <reporter-output>
          </reporter-output>
        </test-method> <!-- tearDown -->
      </class> <!-- com.crm.qa.testcases.HomePageTest -->
      <class name="com.crm.qa.testcases.LoginPageTest">
        <test-method status="PASS" signature="setup()[pri:0, instance:com.crm.qa.testcases.LoginPageTest@72d818d1]" name="setup" is-config="true" duration-ms="19961" started-at="2020-03-08T15:03:14Z" finished-at="2020-03-08T15:03:33Z">
          <reporter-output>
          </reporter-output>
        </test-method> <!-- setup -->
        <test-method status="PASS" signature="loginPageTitleTest()[pri:1, instance:com.crm.qa.testcases.LoginPageTest@72d818d1]" name="loginPageTitleTest" duration-ms="91" started-at="2020-03-08T15:03:33Z" finished-at="2020-03-08T15:03:34Z">
          <reporter-output>
          </reporter-output>
        </test-method> <!-- loginPageTitleTest -->
        <test-method status="PASS" signature="tearDown()[pri:0, instance:com.crm.qa.testcases.LoginPageTest@72d818d1]" name="tearDown" is-config="true" duration-ms="1120" started-at="2020-03-08T15:03:34Z" finished-at="2020-03-08T15:03:35Z">
          <reporter-output>
          </reporter-output>
        </test-method> <!-- tearDown -->
        <test-method status="PASS" signature="setup()[pri:0, instance:com.crm.qa.testcases.LoginPageTest@72d818d1]" name="setup" is-config="true" duration-ms="17654" started-at="2020-03-08T15:03:35Z" finished-at="2020-03-08T15:03:52Z">
          <reporter-output>
          </reporter-output>
        </test-method> <!-- setup -->
        <test-method status="PASS" signature="loginTest()[pri:2, instance:com.crm.qa.testcases.LoginPageTest@72d818d1]" name="loginTest" duration-ms="1440" started-at="2020-03-08T15:03:52Z" finished-at="2020-03-08T15:03:54Z">
          <reporter-output>
          </reporter-output>
        </test-method> <!-- loginTest -->
        <test-method status="PASS" signature="tearDown()[pri:0, instance:com.crm.qa.testcases.LoginPageTest@72d818d1]" name="tearDown" is-config="true" duration-ms="1366" started-at="2020-03-08T15:03:54Z" finished-at="2020-03-08T15:03:55Z">
          <reporter-output>
          </reporter-output>
        </test-method> <!-- tearDown -->
      </class> <!-- com.crm.qa.testcases.LoginPageTest -->
    </test> <!-- Free CRM App Test Cases -->
  </suite> <!-- FREE CRM Application Test Automation Test Suite -->
</testng-results>
